0 info it worked if it ends with ok
1 verbose cli [ '/home/jmj/.nvm/versions/node/v6.3.1/bin/node',
1 verbose cli   '/home/jmj/.nvm/versions/node/v6.3.1/bin/npm',
1 verbose cli   'start' ]
2 info using npm@3.10.3
3 info using node@v6.3.1
4 verbose run-script [ 'prestart', 'start', 'poststart' ]
5 info lifecycle express-1@1.0.0~prestart: express-1@1.0.0
6 silly lifecycle express-1@1.0.0~prestart: no script for prestart, continuing
7 info lifecycle express-1@1.0.0~start: express-1@1.0.0
8 verbose lifecycle express-1@1.0.0~start: unsafe-perm in lifecycle true
9 verbose lifecycle express-1@1.0.0~start: PATH: /home/jmj/.nvm/versions/node/v6.3.1/lib/node_modules/npm/bin/node-gyp-bin:/home/jmj/nodeJs/express-1/node_modules/.bin:/home/jmj/.nvm/versions/node/v6.3.1/bin:/home/jmj/.nvm/versions/node/v6.3.1/bin:/home/jmj/bin:/usr/local/sbin:/usr/local/bin:/usr/sbin:/usr/bin:/sbin:/bin:/usr/games:/usr/local/games:/usr/lib/jvm/java-8-oracle/bin:/usr/lib/jvm/java-8-oracle/db/bin:/usr/lib/jvm/java-8-oracle/jre/bin
10 verbose lifecycle express-1@1.0.0~start: CWD: /home/jmj/nodeJs/express-1
11 silly lifecycle express-1@1.0.0~start: Args: [ '-c', 'node app/index.js' ]
12 silly lifecycle express-1@1.0.0~start: Returned: code: 1  signal: null
13 info lifecycle express-1@1.0.0~start: Failed to exec start script
14 verbose stack Error: express-1@1.0.0 start: `node app/index.js`
14 verbose stack Exit status 1
14 verbose stack     at EventEmitter.<anonymous> (/home/jmj/.nvm/versions/node/v6.3.1/lib/node_modules/npm/lib/utils/lifecycle.js:242:16)
14 verbose stack     at emitTwo (events.js:106:13)
14 verbose stack     at EventEmitter.emit (events.js:191:7)
14 verbose stack     at ChildProcess.<anonymous> (/home/jmj/.nvm/versions/node/v6.3.1/lib/node_modules/npm/lib/utils/spawn.js:40:14)
14 verbose stack     at emitTwo (events.js:106:13)
14 verbose stack     at ChildProcess.emit (events.js:191:7)
14 verbose stack     at maybeClose (internal/child_process.js:852:16)
14 verbose stack     at Process.ChildProcess._handle.onexit (internal/child_process.js:215:5)
15 verbose pkgid express-1@1.0.0
16 verbose cwd /home/jmj/nodeJs/express-1
17 error Linux 3.13.0-91-generic
18 error argv "/home/jmj/.nvm/versions/node/v6.3.1/bin/node" "/home/jmj/.nvm/versions/node/v6.3.1/bin/npm" "start"
19 error node v6.3.1
20 error npm  v3.10.3
21 error code ELIFECYCLE
22 error express-1@1.0.0 start: `node app/index.js`
22 error Exit status 1
23 error Failed at the express-1@1.0.0 start script 'node app/index.js'.
23 error Make sure you have the latest version of node.js and npm installed.
23 error If you do, this is most likely a problem with the express-1 package,
23 error not with npm itself.
23 error Tell the author that this fails on your system:
23 error     node app/index.js
23 error You can get information on how to open an issue for this project with:
23 error     npm bugs express-1
23 error Or if that isn't available, you can get their info via:
23 error     npm owner ls express-1
23 error There is likely additional logging output above.
24 verbose exit [ 1, true ]
